Looking for git in: git
Using git 2.28.0 from git
> git rev-parse --git-dir
Open repository: /home/rave/Desktop/workspace/Programming/apcsppassproj
> git status -z -u
> git symbolic-ref --short HEAD
> git rev-parse master
> git rev-parse --symbolic-full-name master@{u}
> git rev-list --left-right master...refs/remotes/origin/master
> git for-each-ref --sort -committerdate --format %(refname) %(objectname)
> git remote --verbose
> git config --get commit.template
> git check-ignore -v -z --stdin
> git show --textconv :views.py
> git ls-files --stage -- /home/rave/Desktop/workspace/Programming/apcsppassproj/views.py
> git cat-file -s c1761af0a7b45cb944db8da68a279a857b1828f3
> git status -z -u
> git symbolic-ref --short HEAD
> git rev-parse master
> git rev-parse --symbolic-full-name master@{u}
> git rev-list --left-right master...refs/remotes/origin/master
> git for-each-ref --sort -committerdate --format %(refname) %(objectname)
> git remote --verbose
> git config --get commit.template
> git check-ignore -v -z --stdin
> git status -z -u
> git symbolic-ref --short HEAD
> git rev-parse master
> git rev-parse --symbolic-full-name master@{u}
> git rev-list --left-right master...refs/remotes/origin/master
> git for-each-ref --sort -committerdate --format %(refname) %(objectname)
> git remote --verbose
> git config --get commit.template
> git show --textconv :run.py
> git ls-files --stage -- /home/rave/Desktop/workspace/Programming/apcsppassproj/run.py
> git show --textconv :views.py
> git ls-files --stage -- /home/rave/Desktop/workspace/Programming/apcsppassproj/views.py
> git cat-file -s c1761af0a7b45cb944db8da68a279a857b1828f3
> git status -z -u
> git symbolic-ref --short HEAD
> git rev-parse master
> git rev-parse --symbolic-full-name master@{u}
> git rev-list --left-right master...refs/remotes/origin/master
> git for-each-ref --sort -committerdate --format %(refname) %(objectname)
> git remote --verbose
> git config --get commit.template
> git check-ignore -v -z --stdin
> git check-ignore -v -z --stdin
> git show --textconv :models.py
> git ls-files --stage -- /home/rave/Desktop/workspace/Programming/apcsppassproj/models.py
> git cat-file -s 7634a4c54bb95802aa972bad28502b496ea291a9
> git show --textconv :views.py
> git ls-files --stage -- /home/rave/Desktop/workspace/Programming/apcsppassproj/views.py
> git cat-file -s c1761af0a7b45cb944db8da68a279a857b1828f3
> git show --textconv :__init__.py
> git ls-files --stage -- /home/rave/Desktop/workspace/Programming/apcsppassproj/__init__.py
> git cat-file -s 92ca37de28d198b48bd18d5c70f4f631fdb9a9a0
> git show --textconv :index.html
> git ls-files --stage -- /home/rave/Desktop/workspace/Programming/apcsppassproj/index.html
> git cat-file -s 9f37ab3ea45e67f658db876296e7e9c8fdf0bfd1
> git show --textconv :views.py
> git ls-files --stage -- /home/rave/Desktop/workspace/Programming/apcsppassproj/views.py
> git cat-file -s c1761af0a7b45cb944db8da68a279a857b1828f3
> git show --textconv :templates/base.html
> git ls-files --stage -- /home/rave/Desktop/workspace/Programming/apcsppassproj/templates/base.html
> git cat-file -s c8194280d1200ea3613776b68d5e275ec5e7bc8b
> git show --textconv :templates/index.html
> git ls-files --stage -- /home/rave/Desktop/workspace/Programming/apcsppassproj/templates/index.html
> git cat-file -s 06e3874a5dd5b7412f8c7a58828de82509792080
> git show --textconv :templates/namename.html
> git ls-files --stage -- /home/rave/Desktop/workspace/Programming/apcsppassproj/templates/namename.html
> git cat-file -s 6bb37511d7903c6ce5fbb6ab98901c16104efd8e
> git show --textconv :views.py
> git ls-files --stage -- /home/rave/Desktop/workspace/Programming/apcsppassproj/views.py
> git cat-file -s c1761af0a7b45cb944db8da68a279a857b1828f3
> git show --textconv :index.html
> git ls-files --stage -- /home/rave/Desktop/workspace/Programming/apcsppassproj/index.html
> git cat-file -s 9f37ab3ea45e67f658db876296e7e9c8fdf0bfd1
> git show --textconv :templates/index.html
> git ls-files --stage -- /home/rave/Desktop/workspace/Programming/apcsppassproj/templates/index.html
> git cat-file -s 06e3874a5dd5b7412f8c7a58828de82509792080
> git show --textconv :templates/base.html
> git ls-files --stage -- /home/rave/Desktop/workspace/Programming/apcsppassproj/templates/base.html
> git cat-file -s c8194280d1200ea3613776b68d5e275ec5e7bc8b
> git show --textconv :templates/namename.html
> git ls-files --stage -- /home/rave/Desktop/workspace/Programming/apcsppassproj/templates/namename.html
> git cat-file -s 6bb37511d7903c6ce5fbb6ab98901c16104efd8e
