User belongs to experiment group 'ShowPlayIcon - start'
User belongs to experiment group 'DebugAdapterFactory - experiment'
User belongs to experiment group 'PtvsdWheels37 - experiment'
User belongs to experiment group 'UseTerminalToGetActivatedEnvVars - control'
User belongs to experiment group 'LocalZMQKernel - experiment'
User belongs to experiment group 'CollectLSRequestTiming - experiment'
User belongs to experiment group 'CollectNodeLSRequestTiming - experiment'
User belongs to experiment group 'EnableIPyWidgets - experiment'
User belongs to experiment group 'DeprecatePythonPath - experiment'
User belongs to experiment group 'RunByLine - experiment'
User belongs to experiment group 'CustomEditorSupport - control'
Error 2020-10-06 16:17:26: Exception while attempting zmq : [Error: /snap/core/current/usr/lib/x86_64-linux-gnu/libstdc++.so.6: version `GLIBCXX_3.4.22' not found (required by /root/.vscode/extensions/ms-python.python-2020.9.112786/out/client/node_modules/zeromq/prebuilds/linux-x64/electron.napi.glibc.node)
	at process.func [as dlopen] (electron/js2c/asar.js:140:31)
	at Object.Module._extensions..node (internal/modules/cjs/loader.js:1081:18)
	at Object.func [as .node] (electron/js2c/asar.js:140:31)
	at Module.load (internal/modules/cjs/loader.js:862:32)
	at Module._load (internal/modules/cjs/loader.js:774:14)
	at Function.Module._load (electron/js2c/asar.js:769:28)
	at Function.t._load (/snap/code/46/usr/share/code/resources/app/out/vs/workbench/services/extensions/node/extensionHostProcess.js:1046:268)
	at Function.i._load (/snap/code/46/usr/share/code/resources/app/out/vs/workbench/services/extensions/node/extensionHostProcess.js:1015:981)
	at Function.n._load (/snap/code/46/usr/share/code/resources/app/out/vs/workbench/services/extensions/node/extensionHostProcess.js:1012:303)
	at Module.require (internal/modules/cjs/loader.js:899:19)
	at n (/snap/code/46/usr/share/code/resources/app/out/vs/loader.js:16:135)
	at load (/root/.vscode/extensions/ms-python.python-2020.9.112786/out/client/node_modules/node-gyp-build/index.js:21:10)
	at Object.<anonymous> (/root/.vscode/extensions/ms-python.python-2020.9.112786/out/client/node_modules/zeromq/lib/native.js:6:43)
	at Module.o._compile (/snap/code/46/usr/share/code/resources/app/out/vs/loader.js:16:360)
	at Object.Module._extensions..js (internal/modules/cjs/loader.js:1051:10)
	at Module.load (internal/modules/cjs/loader.js:862:32)
	at Module._load (internal/modules/cjs/loader.js:774:14)
	at Function.Module._load (electron/js2c/asar.js:769:28)
	at Function.t._load (/snap/code/46/usr/share/code/resources/app/out/vs/workbench/services/extensions/node/extensionHostProcess.js:1046:268)
	at Function.i._load (/snap/code/46/usr/share/code/resources/app/out/vs/workbench/services/extensions/node/extensionHostProcess.js:1015:981)
	at Function.n._load (/snap/code/46/usr/share/code/resources/app/out/vs/workbench/services/extensions/node/extensionHostProcess.js:1012:303)
	at Module.require (internal/modules/cjs/loader.js:899:19)
	at n (/snap/code/46/usr/share/code/resources/app/out/vs/loader.js:16:135)
	at Object.<anonymous> (/root/.vscode/extensions/ms-python.python-2020.9.112786/out/client/node_modules/zeromq/lib/index.js:3:16)
	at Module.o._compile (/snap/code/46/usr/share/code/resources/app/out/vs/loader.js:16:360)
	at Object.Module._extensions..js (internal/modules/cjs/loader.js:1051:10)
	at Module.load (internal/modules/cjs/loader.js:862:32)
	at Module._load (internal/modules/cjs/loader.js:774:14)
	at Function.Module._load (electron/js2c/asar.js:769:28)
	at Function.t._load (/snap/code/46/usr/share/code/resources/app/out/vs/workbench/services/extensions/node/extensionHostProcess.js:1046:268)
	at Function.i._load (/snap/code/46/usr/share/code/resources/app/out/vs/workbench/services/extensions/node/extensionHostProcess.js:1015:981)
	at Function.n._load (/snap/code/46/usr/share/code/resources/app/out/vs/workbench/services/extensions/node/extensionHostProcess.js:1012:303)
	at Module.require (internal/modules/cjs/loader.js:899:19)
	at n (/snap/code/46/usr/share/code/resources/app/out/vs/loader.js:16:135)
	at Object.<anonymous> (/root/.vscode/extensions/ms-python.python-2020.9.112786/out/client/extension.js:24:302774)
	at n (/root/.vscode/extensions/ms-python.python-2020.9.112786/out/client/extension.js:1:186)
	at /root/.vscode/extensions/ms-python.python-2020.9.112786/out/client/extension.js:56:731214
	at processTicksAndRejections (internal/process/task_queues.js:94:5)
	at async d.zmqSupportedImpl (/root/.vscode/extensions/ms-python.python-2020.9.112786/out/client/extension.js:56:731181)]
> python ~/.vscode/extensions/ms-python.python-2020.9.112786/pythonFiles/pyvsc-run-isolated.py -c "import sys;print(sys.executable)"
> python ~/.vscode/extensions/ms-python.python-2020.9.112786/pythonFiles/pyvsc-run-isolated.py -c "import sys;print(sys.executable)"
> conda --version
> python3.7 ~/.vscode/extensions/ms-python.python-2020.9.112786/pythonFiles/pyvsc-run-isolated.py -c "import sys;print(sys.executable)"
> python3.6 ~/.vscode/extensions/ms-python.python-2020.9.112786/pythonFiles/pyvsc-run-isolated.py -c "import sys;print(sys.executable)"
> python3 ~/.vscode/extensions/ms-python.python-2020.9.112786/pythonFiles/pyvsc-run-isolated.py -c "import sys;print(sys.executable)"
> python2 ~/.vscode/extensions/ms-python.python-2020.9.112786/pythonFiles/pyvsc-run-isolated.py -c "import sys;print(sys.executable)"
> python ~/.vscode/extensions/ms-python.python-2020.9.112786/pythonFiles/pyvsc-run-isolated.py -c "import sys;print(sys.executable)"
> python ~/.vscode/extensions/ms-python.python-2020.9.112786/pythonFiles/pyvsc-run-isolated.py -c "import sys;print(sys.executable)"
> conda info --json
> pyenv root
> pyenv root
Error 2020-10-06 16:17:31: Failed to check if file needs to be fixed [EntryNotFound (FileSystemError): Unable to read file '/root/.config/Code/User/settings.json' (EntryNotFound (FileSystemError): Error: ENOENT: no such file or directory, open '/root/.config/Code/User/settings.json')
	at _handleError (/snap/code/46/usr/share/code/resources/app/out/vs/workbench/services/extensions/node/extensionHostProcess.js:706:74)
	at processTicksAndRejections (internal/process/task_queues.js:94:5)
	at async y.readText (/root/.vscode/extensions/ms-python.python-2020.9.112786/out/client/extension.js:1:498547)
	at async p.doesFileNeedToBeFixed (/root/.vscode/extensions/ms-python.python-2020.9.112786/out/client/extension.js:56:961593)
	at async /root/.vscode/extensions/ms-python.python-2020.9.112786/out/client/extension.js:56:960720
	at async Promise.all (index 0)
	at async p.getFilesToBeFixed (/root/.vscode/extensions/ms-python.python-2020.9.112786/out/client/extension.js:56:960666)
	at async p.updateTestSettings (/root/.vscode/extensions/ms-python.python-2020.9.112786/out/client/extension.js:56:960293)] {
  code: 'FileNotFound',
  name: 'EntryNotFound (FileSystemError)'
}
Error 2020-10-06 16:17:31: Failed to check if file needs to be fixed [EntryNotFound (FileSystemError): Unable to read file '/home/rave/Desktop/workspace/Programming/apcsppassproj/.vscode/settings.json' (EntryNotFound (FileSystemError): Error: ENOENT: no such file or directory, open '/home/rave/Desktop/workspace/Programming/apcsppassproj/.vscode/settings.json')
	at _handleError (/snap/code/46/usr/share/code/resources/app/out/vs/workbench/services/extensions/node/extensionHostProcess.js:706:74)
	at processTicksAndRejections (internal/process/task_queues.js:94:5)
	at async y.readText (/root/.vscode/extensions/ms-python.python-2020.9.112786/out/client/extension.js:1:498547)
	at async p.doesFileNeedToBeFixed (/root/.vscode/extensions/ms-python.python-2020.9.112786/out/client/extension.js:56:961593)
	at async /root/.vscode/extensions/ms-python.python-2020.9.112786/out/client/extension.js:56:960720
	at async Promise.all (index 1)
	at async p.getFilesToBeFixed (/root/.vscode/extensions/ms-python.python-2020.9.112786/out/client/extension.js:56:960666)
	at async p.updateTestSettings (/root/.vscode/extensions/ms-python.python-2020.9.112786/out/client/extension.js:56:960293)] {
  code: 'FileNotFound',
  name: 'EntryNotFound (FileSystemError)'
}
Starting Jedi Python language engine.
> pyenv root
> pyenv root
Python interpreter path: /usr/local/bin/python3
> pyenv root
> /usr/bin/python ~/.vscode/extensions/ms-python.python-2020.9.112786/pythonFiles/pyvsc-run-isolated.py -c "import jupyter"
> /usr/bin/python ~/.vscode/extensions/ms-python.python-2020.9.112786/pythonFiles/pyvsc-run-isolated.py -c "import jupyter"
> /usr/bin/python ~/.vscode/extensions/ms-python.python-2020.9.112786/pythonFiles/pyvsc-run-isolated.py -c "import notebook"
> /usr/bin/python ~/.vscode/extensions/ms-python.python-2020.9.112786/pythonFiles/pyvsc-run-isolated.py -c "import notebook"
> conda --version
> /usr/local/bin/python3 ~/.vscode/extensions/ms-python.python-2020.9.112786/pythonFiles/pyvsc-run-isolated.py pylint --disable=all --enable=F,unreachable,duplicate-key,unnecessary-semicolon,global-variable-not-assigned,unused-variable,unused-wildcard-import,binary-op-exception,bad-format-string,anomalous-backslash-in-string,bad-open-mode,E0001,E0011,E0012,E0100,E0101,E0102,E0103,E0104,E0105,E0107,E0108,E0110,E0111,E0112,E0113,E0114,E0115,E0116,E0117,E0118,E0202,E0203,E0211,E0213,E0236,E0237,E0238,E0239,E0240,E0241,E0301,E0302,E0303,E0401,E0402,E0601,E0602,E0603,E0604,E0611,E0632,E0633,E0701,E0702,E0703,E0704,E0710,E0711,E0712,E1003,E1101,E1102,E1111,E1120,E1121,E1123,E1124,E1125,E1126,E1127,E1128,E1129,E1130,E1131,E1132,E1133,E1134,E1135,E1136,E1137,E1138,E1139,E1200,E1201,E1205,E1206,E1300,E1301,E1302,E1303,E1304,E1305,E1306,E1310,E1700,E1701 --msg-template='{line},{column},{category},{symbol}:{msg}' --reports=n --output-format=text /home/rave/Desktop/workspace/Programming/apcsppassproj/run.py
cwd: /home/rave/Desktop/workspace/Programming/apcsppassproj
> /usr/local/bin/python3 ~/.vscode/extensions/ms-python.python-2020.9.112786/pythonFiles/pyvsc-run-isolated.py pylint --disable=all --enable=F,unreachable,duplicate-key,unnecessary-semicolon,global-variable-not-assigned,unused-variable,unused-wildcard-import,binary-op-exception,bad-format-string,anomalous-backslash-in-string,bad-open-mode,E0001,E0011,E0012,E0100,E0101,E0102,E0103,E0104,E0105,E0107,E0108,E0110,E0111,E0112,E0113,E0114,E0115,E0116,E0117,E0118,E0202,E0203,E0211,E0213,E0236,E0237,E0238,E0239,E0240,E0241,E0301,E0302,E0303,E0401,E0402,E0601,E0602,E0603,E0604,E0611,E0632,E0633,E0701,E0702,E0703,E0704,E0710,E0711,E0712,E1003,E1101,E1102,E1111,E1120,E1121,E1123,E1124,E1125,E1126,E1127,E1128,E1129,E1130,E1131,E1132,E1133,E1134,E1135,E1136,E1137,E1138,E1139,E1200,E1201,E1205,E1206,E1300,E1301,E1302,E1303,E1304,E1305,E1306,E1310,E1700,E1701 --msg-template='{line},{column},{category},{symbol}:{msg}' --reports=n --output-format=text /home/rave/Desktop/workspace/Programming/apcsppassproj/run.py
cwd: /home/rave/Desktop/workspace/Programming/apcsppassproj
> /usr/local/bin/python3 ~/.vscode/extensions/ms-python.python-2020.9.112786/pythonFiles/pyvsc-run-isolated.py -c "import pylint"
> /usr/local/bin/python3 ~/.vscode/extensions/ms-python.python-2020.9.112786/pythonFiles/pyvsc-run-isolated.py -c "import pylint"
> /usr/local/bin/python3 ~/.vscode/extensions/ms-python.python-2020.9.112786/pythonFiles/pyvsc-run-isolated.py -c "import pylint"
> /usr/local/bin/python3 ~/.vscode/extensions/ms-python.python-2020.9.112786/pythonFiles/pyvsc-run-isolated.py -c "import pylint"

Linter 'pylint' is not installed. Please install it or select another linter".
Error: Module 'pylint' not installed.
> /usr/local/bin/python3 ~/.vscode/extensions/ms-python.python-2020.9.112786/pythonFiles/pyvsc-run-isolated.py -c "import sys;print(sys.prefix)"
cwd: /home/rave/Desktop/workspace/Programming/apcsppassproj
> /usr/local/bin/python3 ~/.vscode/extensions/ms-python.python-2020.9.112786/pythonFiles/pyvsc-run-isolated.py -c "import sys;print(sys.prefix)"
cwd: /home/rave/Desktop/workspace/Programming/apcsppassproj
> /usr/local/bin/python3 ~/.vscode/extensions/ms-python.python-2020.9.112786/pythonFiles/pyvsc-run-isolated.py -c "import sys;print(sys.executable)"
cwd: /home/rave/Desktop/workspace/Programming/apcsppassproj
> /usr/local/bin/python3 ~/.vscode/extensions/ms-python.python-2020.9.112786/pythonFiles/pyvsc-run-isolated.py -c "import sys;print(sys.executable)"
cwd: /home/rave/Desktop/workspace/Programming/apcsppassproj
> /usr/local/bin/python3 ~/.vscode/extensions/ms-python.python-2020.9.112786/pythonFiles/pyvsc-run-isolated.py -c "from distutils.sysconfig import get_python_lib; print(get_python_lib())"
cwd: /home/rave/Desktop/workspace/Programming/apcsppassproj
> /usr/local/bin/python3 ~/.vscode/extensions/ms-python.python-2020.9.112786/pythonFiles/pyvsc-run-isolated.py -c "from distutils.sysconfig import get_python_lib; print(get_python_lib())"
cwd: /home/rave/Desktop/workspace/Programming/apcsppassproj
> /usr/local/bin/python3 ~/.vscode/extensions/ms-python.python-2020.9.112786/pythonFiles/pyvsc-run-isolated.py site --user-site
cwd: /home/rave/Desktop/workspace/Programming/apcsppassproj
> /usr/local/bin/python3 ~/.vscode/extensions/ms-python.python-2020.9.112786/pythonFiles/pyvsc-run-isolated.py site --user-site
cwd: /home/rave/Desktop/workspace/Programming/apcsppassproj
> /usr/local/bin/python3 ~/.vscode/extensions/ms-python.python-2020.9.112786/pythonFiles/pyvsc-run-isolated.py ~/.vscode/extensions/ms-python.python-2020.9.112786/pythonFiles/completion.py
> /usr/local/bin/python3 ~/.vscode/extensions/ms-python.python-2020.9.112786/pythonFiles/pyvsc-run-isolated.py ~/.vscode/extensions/ms-python.python-2020.9.112786/pythonFiles/completion.py
Error 2020-10-06 16:17:34: stderr jediProxy Error (stderr) /root/.vscode/extensions/ms-python.python-2020.9.112786/pythonFiles/completion.py:584: DeprecationWarning: Deprecated since version 0.16.0. Use Script(...).get_names instead.
  jedi.api.names(

> /usr/local/bin/python3 ~/.vscode/extensions/ms-python.python-2020.9.112786/pythonFiles/pyvsc-run-isolated.py pylint --disable=all --enable=F,unreachable,duplicate-key,unnecessary-semicolon,global-variable-not-assigned,unused-variable,unused-wildcard-import,binary-op-exception,bad-format-string,anomalous-backslash-in-string,bad-open-mode,E0001,E0011,E0012,E0100,E0101,E0102,E0103,E0104,E0105,E0107,E0108,E0110,E0111,E0112,E0113,E0114,E0115,E0116,E0117,E0118,E0202,E0203,E0211,E0213,E0236,E0237,E0238,E0239,E0240,E0241,E0301,E0302,E0303,E0401,E0402,E0601,E0602,E0603,E0604,E0611,E0632,E0633,E0701,E0702,E0703,E0704,E0710,E0711,E0712,E1003,E1101,E1102,E1111,E1120,E1121,E1123,E1124,E1125,E1126,E1127,E1128,E1129,E1130,E1131,E1132,E1133,E1134,E1135,E1136,E1137,E1138,E1139,E1200,E1201,E1205,E1206,E1300,E1301,E1302,E1303,E1304,E1305,E1306,E1310,E1700,E1701 --msg-template='{line},{column},{category},{symbol}:{msg}' --reports=n --output-format=text /home/rave/Desktop/workspace/Programming/apcsppassproj/views.py
cwd: /home/rave/Desktop/workspace/Programming/apcsppassproj
> /usr/local/bin/python3 ~/.vscode/extensions/ms-python.python-2020.9.112786/pythonFiles/pyvsc-run-isolated.py pylint --disable=all --enable=F,unreachable,duplicate-key,unnecessary-semicolon,global-variable-not-assigned,unused-variable,unused-wildcard-import,binary-op-exception,bad-format-string,anomalous-backslash-in-string,bad-open-mode,E0001,E0011,E0012,E0100,E0101,E0102,E0103,E0104,E0105,E0107,E0108,E0110,E0111,E0112,E0113,E0114,E0115,E0116,E0117,E0118,E0202,E0203,E0211,E0213,E0236,E0237,E0238,E0239,E0240,E0241,E0301,E0302,E0303,E0401,E0402,E0601,E0602,E0603,E0604,E0611,E0632,E0633,E0701,E0702,E0703,E0704,E0710,E0711,E0712,E1003,E1101,E1102,E1111,E1120,E1121,E1123,E1124,E1125,E1126,E1127,E1128,E1129,E1130,E1131,E1132,E1133,E1134,E1135,E1136,E1137,E1138,E1139,E1200,E1201,E1205,E1206,E1300,E1301,E1302,E1303,E1304,E1305,E1306,E1310,E1700,E1701 --msg-template='{line},{column},{category},{symbol}:{msg}' --reports=n --output-format=text /home/rave/Desktop/workspace/Programming/apcsppassproj/views.py
cwd: /home/rave/Desktop/workspace/Programming/apcsppassproj
> /usr/local/bin/python3 ~/.vscode/extensions/ms-python.python-2020.9.112786/pythonFiles/pyvsc-run-isolated.py -c "import pylint"
> /usr/local/bin/python3 ~/.vscode/extensions/ms-python.python-2020.9.112786/pythonFiles/pyvsc-run-isolated.py -c "import pylint"
> /usr/local/bin/python3 ~/.vscode/extensions/ms-python.python-2020.9.112786/pythonFiles/pyvsc-run-isolated.py -c "import pylint"
> /usr/local/bin/python3 ~/.vscode/extensions/ms-python.python-2020.9.112786/pythonFiles/pyvsc-run-isolated.py -c "import pylint"

Linter 'pylint' is not installed. Please install it or select another linter".
Error: Module 'pylint' not installed.
> /usr/local/bin/python3 ~/.vscode/extensions/ms-python.python-2020.9.112786/pythonFiles/pyvsc-run-isolated.py pylint --disable=all --enable=F,unreachable,duplicate-key,unnecessary-semicolon,global-variable-not-assigned,unused-variable,unused-wildcard-import,binary-op-exception,bad-format-string,anomalous-backslash-in-string,bad-open-mode,E0001,E0011,E0012,E0100,E0101,E0102,E0103,E0104,E0105,E0107,E0108,E0110,E0111,E0112,E0113,E0114,E0115,E0116,E0117,E0118,E0202,E0203,E0211,E0213,E0236,E0237,E0238,E0239,E0240,E0241,E0301,E0302,E0303,E0401,E0402,E0601,E0602,E0603,E0604,E0611,E0632,E0633,E0701,E0702,E0703,E0704,E0710,E0711,E0712,E1003,E1101,E1102,E1111,E1120,E1121,E1123,E1124,E1125,E1126,E1127,E1128,E1129,E1130,E1131,E1132,E1133,E1134,E1135,E1136,E1137,E1138,E1139,E1200,E1201,E1205,E1206,E1300,E1301,E1302,E1303,E1304,E1305,E1306,E1310,E1700,E1701 --msg-template='{line},{column},{category},{symbol}:{msg}' --reports=n --output-format=text /home/rave/Desktop/workspace/Programming/apcsppassproj/models.py
cwd: /home/rave/Desktop/workspace/Programming/apcsppassproj
> /usr/local/bin/python3 ~/.vscode/extensions/ms-python.python-2020.9.112786/pythonFiles/pyvsc-run-isolated.py pylint --disable=all --enable=F,unreachable,duplicate-key,unnecessary-semicolon,global-variable-not-assigned,unused-variable,unused-wildcard-import,binary-op-exception,bad-format-string,anomalous-backslash-in-string,bad-open-mode,E0001,E0011,E0012,E0100,E0101,E0102,E0103,E0104,E0105,E0107,E0108,E0110,E0111,E0112,E0113,E0114,E0115,E0116,E0117,E0118,E0202,E0203,E0211,E0213,E0236,E0237,E0238,E0239,E0240,E0241,E0301,E0302,E0303,E0401,E0402,E0601,E0602,E0603,E0604,E0611,E0632,E0633,E0701,E0702,E0703,E0704,E0710,E0711,E0712,E1003,E1101,E1102,E1111,E1120,E1121,E1123,E1124,E1125,E1126,E1127,E1128,E1129,E1130,E1131,E1132,E1133,E1134,E1135,E1136,E1137,E1138,E1139,E1200,E1201,E1205,E1206,E1300,E1301,E1302,E1303,E1304,E1305,E1306,E1310,E1700,E1701 --msg-template='{line},{column},{category},{symbol}:{msg}' --reports=n --output-format=text /home/rave/Desktop/workspace/Programming/apcsppassproj/models.py
cwd: /home/rave/Desktop/workspace/Programming/apcsppassproj
> /usr/local/bin/python3 ~/.vscode/extensions/ms-python.python-2020.9.112786/pythonFiles/pyvsc-run-isolated.py -c "import pylint"
> /usr/local/bin/python3 ~/.vscode/extensions/ms-python.python-2020.9.112786/pythonFiles/pyvsc-run-isolated.py -c "import pylint"
> /usr/local/bin/python3 ~/.vscode/extensions/ms-python.python-2020.9.112786/pythonFiles/pyvsc-run-isolated.py -c "import pylint"
> /usr/local/bin/python3 ~/.vscode/extensions/ms-python.python-2020.9.112786/pythonFiles/pyvsc-run-isolated.py -c "import pylint"

Linter 'pylint' is not installed. Please install it or select another linter".
Error: Module 'pylint' not installed.
> /usr/local/bin/python3 ~/.vscode/extensions/ms-python.python-2020.9.112786/pythonFiles/pyvsc-run-isolated.py pylint --disable=all --enable=F,unreachable,duplicate-key,unnecessary-semicolon,global-variable-not-assigned,unused-variable,unused-wildcard-import,binary-op-exception,bad-format-string,anomalous-backslash-in-string,bad-open-mode,E0001,E0011,E0012,E0100,E0101,E0102,E0103,E0104,E0105,E0107,E0108,E0110,E0111,E0112,E0113,E0114,E0115,E0116,E0117,E0118,E0202,E0203,E0211,E0213,E0236,E0237,E0238,E0239,E0240,E0241,E0301,E0302,E0303,E0401,E0402,E0601,E0602,E0603,E0604,E0611,E0632,E0633,E0701,E0702,E0703,E0704,E0710,E0711,E0712,E1003,E1101,E1102,E1111,E1120,E1121,E1123,E1124,E1125,E1126,E1127,E1128,E1129,E1130,E1131,E1132,E1133,E1134,E1135,E1136,E1137,E1138,E1139,E1200,E1201,E1205,E1206,E1300,E1301,E1302,E1303,E1304,E1305,E1306,E1310,E1700,E1701 --msg-template='{line},{column},{category},{symbol}:{msg}' --reports=n --output-format=text /home/rave/Desktop/workspace/Programming/apcsppassproj/views.py
cwd: /home/rave/Desktop/workspace/Programming/apcsppassproj
> /usr/local/bin/python3 ~/.vscode/extensions/ms-python.python-2020.9.112786/pythonFiles/pyvsc-run-isolated.py pylint --disable=all --enable=F,unreachable,duplicate-key,unnecessary-semicolon,global-variable-not-assigned,unused-variable,unused-wildcard-import,binary-op-exception,bad-format-string,anomalous-backslash-in-string,bad-open-mode,E0001,E0011,E0012,E0100,E0101,E0102,E0103,E0104,E0105,E0107,E0108,E0110,E0111,E0112,E0113,E0114,E0115,E0116,E0117,E0118,E0202,E0203,E0211,E0213,E0236,E0237,E0238,E0239,E0240,E0241,E0301,E0302,E0303,E0401,E0402,E0601,E0602,E0603,E0604,E0611,E0632,E0633,E0701,E0702,E0703,E0704,E0710,E0711,E0712,E1003,E1101,E1102,E1111,E1120,E1121,E1123,E1124,E1125,E1126,E1127,E1128,E1129,E1130,E1131,E1132,E1133,E1134,E1135,E1136,E1137,E1138,E1139,E1200,E1201,E1205,E1206,E1300,E1301,E1302,E1303,E1304,E1305,E1306,E1310,E1700,E1701 --msg-template='{line},{column},{category},{symbol}:{msg}' --reports=n --output-format=text /home/rave/Desktop/workspace/Programming/apcsppassproj/views.py
cwd: /home/rave/Desktop/workspace/Programming/apcsppassproj
> /usr/local/bin/python3 ~/.vscode/extensions/ms-python.python-2020.9.112786/pythonFiles/pyvsc-run-isolated.py -c "import pylint"
> /usr/local/bin/python3 ~/.vscode/extensions/ms-python.python-2020.9.112786/pythonFiles/pyvsc-run-isolated.py -c "import pylint"
> /usr/local/bin/python3 ~/.vscode/extensions/ms-python.python-2020.9.112786/pythonFiles/pyvsc-run-isolated.py -c "import pylint"
> /usr/local/bin/python3 ~/.vscode/extensions/ms-python.python-2020.9.112786/pythonFiles/pyvsc-run-isolated.py -c "import pylint"

Linter 'pylint' is not installed. Please install it or select another linter".
Error: Module 'pylint' not installed.
> /usr/local/bin/python3 ~/.vscode/extensions/ms-python.python-2020.9.112786/pythonFiles/pyvsc-run-isolated.py pylint --disable=all --enable=F,unreachable,duplicate-key,unnecessary-semicolon,global-variable-not-assigned,unused-variable,unused-wildcard-import,binary-op-exception,bad-format-string,anomalous-backslash-in-string,bad-open-mode,E0001,E0011,E0012,E0100,E0101,E0102,E0103,E0104,E0105,E0107,E0108,E0110,E0111,E0112,E0113,E0114,E0115,E0116,E0117,E0118,E0202,E0203,E0211,E0213,E0236,E0237,E0238,E0239,E0240,E0241,E0301,E0302,E0303,E0401,E0402,E0601,E0602,E0603,E0604,E0611,E0632,E0633,E0701,E0702,E0703,E0704,E0710,E0711,E0712,E1003,E1101,E1102,E1111,E1120,E1121,E1123,E1124,E1125,E1126,E1127,E1128,E1129,E1130,E1131,E1132,E1133,E1134,E1135,E1136,E1137,E1138,E1139,E1200,E1201,E1205,E1206,E1300,E1301,E1302,E1303,E1304,E1305,E1306,E1310,E1700,E1701 --msg-template='{line},{column},{category},{symbol}:{msg}' --reports=n --output-format=text /home/rave/Desktop/workspace/Programming/apcsppassproj/__init__.py
cwd: /home/rave/Desktop/workspace/Programming/apcsppassproj
> /usr/local/bin/python3 ~/.vscode/extensions/ms-python.python-2020.9.112786/pythonFiles/pyvsc-run-isolated.py pylint --disable=all --enable=F,unreachable,duplicate-key,unnecessary-semicolon,global-variable-not-assigned,unused-variable,unused-wildcard-import,binary-op-exception,bad-format-string,anomalous-backslash-in-string,bad-open-mode,E0001,E0011,E0012,E0100,E0101,E0102,E0103,E0104,E0105,E0107,E0108,E0110,E0111,E0112,E0113,E0114,E0115,E0116,E0117,E0118,E0202,E0203,E0211,E0213,E0236,E0237,E0238,E0239,E0240,E0241,E0301,E0302,E0303,E0401,E0402,E0601,E0602,E0603,E0604,E0611,E0632,E0633,E0701,E0702,E0703,E0704,E0710,E0711,E0712,E1003,E1101,E1102,E1111,E1120,E1121,E1123,E1124,E1125,E1126,E1127,E1128,E1129,E1130,E1131,E1132,E1133,E1134,E1135,E1136,E1137,E1138,E1139,E1200,E1201,E1205,E1206,E1300,E1301,E1302,E1303,E1304,E1305,E1306,E1310,E1700,E1701 --msg-template='{line},{column},{category},{symbol}:{msg}' --reports=n --output-format=text /home/rave/Desktop/workspace/Programming/apcsppassproj/__init__.py
cwd: /home/rave/Desktop/workspace/Programming/apcsppassproj
> /usr/local/bin/python3 ~/.vscode/extensions/ms-python.python-2020.9.112786/pythonFiles/pyvsc-run-isolated.py -c "import pylint"
> /usr/local/bin/python3 ~/.vscode/extensions/ms-python.python-2020.9.112786/pythonFiles/pyvsc-run-isolated.py -c "import pylint"
> /usr/local/bin/python3 ~/.vscode/extensions/ms-python.python-2020.9.112786/pythonFiles/pyvsc-run-isolated.py -c "import pylint"
> /usr/local/bin/python3 ~/.vscode/extensions/ms-python.python-2020.9.112786/pythonFiles/pyvsc-run-isolated.py -c "import pylint"

Linter 'pylint' is not installed. Please install it or select another linter".
Error: Module 'pylint' not installed.
Error 2020-10-06 16:18:45: stderr jediProxy Error (stderr) /root/.vscode/extensions/ms-python.python-2020.9.112786/pythonFiles/completion.py:592: DeprecationWarning: Providing the line is now done in the functions themselves like `Script(...).complete(line, column)`
  script = jedi.Script(
/root/.vscode/extensions/ms-python.python-2020.9.112786/pythonFiles/completion.py:592: DeprecationWarning: Providing the column is now done in the functions themselves like `Script(...).complete(line, column)`
  script = jedi.Script(

Error 2020-10-06 16:18:45: stderr jediProxy Error (stderr) /root/.vscode/extensions/ms-python.python-2020.9.112786/pythonFiles/completion.py:592: DeprecationWarning: Deprecated since version 0.17.0. Use the project API instead, which means Script(project=Project(dir, sys_path=sys_path)) instead.
  script = jedi.Script(
/root/.vscode/extensions/ms-python.python-2020.9.112786/pythonFiles/completion.py:626: DeprecationWarning: Deprecated since version 0.16.0. Use Script(...).infer instead.
  script.goto_definitions(), request["id"]

> /usr/local/bin/python3 ~/.vscode/extensions/ms-python.python-2020.9.112786/pythonFiles/pyvsc-run-isolated.py pylint --disable=all --enable=F,unreachable,duplicate-key,unnecessary-semicolon,global-variable-not-assigned,unused-variable,unused-wildcard-import,binary-op-exception,bad-format-string,anomalous-backslash-in-string,bad-open-mode,E0001,E0011,E0012,E0100,E0101,E0102,E0103,E0104,E0105,E0107,E0108,E0110,E0111,E0112,E0113,E0114,E0115,E0116,E0117,E0118,E0202,E0203,E0211,E0213,E0236,E0237,E0238,E0239,E0240,E0241,E0301,E0302,E0303,E0401,E0402,E0601,E0602,E0603,E0604,E0611,E0632,E0633,E0701,E0702,E0703,E0704,E0710,E0711,E0712,E1003,E1101,E1102,E1111,E1120,E1121,E1123,E1124,E1125,E1126,E1127,E1128,E1129,E1130,E1131,E1132,E1133,E1134,E1135,E1136,E1137,E1138,E1139,E1200,E1201,E1205,E1206,E1300,E1301,E1302,E1303,E1304,E1305,E1306,E1310,E1700,E1701 --msg-template='{line},{column},{category},{symbol}:{msg}' --reports=n --output-format=text /home/rave/Desktop/workspace/Programming/apcsppassproj/views.py
cwd: /home/rave/Desktop/workspace/Programming/apcsppassproj
> /usr/local/bin/python3 ~/.vscode/extensions/ms-python.python-2020.9.112786/pythonFiles/pyvsc-run-isolated.py pylint --disable=all --enable=F,unreachable,duplicate-key,unnecessary-semicolon,global-variable-not-assigned,unused-variable,unused-wildcard-import,binary-op-exception,bad-format-string,anomalous-backslash-in-string,bad-open-mode,E0001,E0011,E0012,E0100,E0101,E0102,E0103,E0104,E0105,E0107,E0108,E0110,E0111,E0112,E0113,E0114,E0115,E0116,E0117,E0118,E0202,E0203,E0211,E0213,E0236,E0237,E0238,E0239,E0240,E0241,E0301,E0302,E0303,E0401,E0402,E0601,E0602,E0603,E0604,E0611,E0632,E0633,E0701,E0702,E0703,E0704,E0710,E0711,E0712,E1003,E1101,E1102,E1111,E1120,E1121,E1123,E1124,E1125,E1126,E1127,E1128,E1129,E1130,E1131,E1132,E1133,E1134,E1135,E1136,E1137,E1138,E1139,E1200,E1201,E1205,E1206,E1300,E1301,E1302,E1303,E1304,E1305,E1306,E1310,E1700,E1701 --msg-template='{line},{column},{category},{symbol}:{msg}' --reports=n --output-format=text /home/rave/Desktop/workspace/Programming/apcsppassproj/views.py
cwd: /home/rave/Desktop/workspace/Programming/apcsppassproj
> /usr/local/bin/python3 ~/.vscode/extensions/ms-python.python-2020.9.112786/pythonFiles/pyvsc-run-isolated.py -c "import pylint"
> /usr/local/bin/python3 ~/.vscode/extensions/ms-python.python-2020.9.112786/pythonFiles/pyvsc-run-isolated.py -c "import pylint"
> /usr/local/bin/python3 ~/.vscode/extensions/ms-python.python-2020.9.112786/pythonFiles/pyvsc-run-isolated.py -c "import pylint"
> /usr/local/bin/python3 ~/.vscode/extensions/ms-python.python-2020.9.112786/pythonFiles/pyvsc-run-isolated.py -c "import pylint"

Linter 'pylint' is not installed. Please install it or select another linter".
Error: Module 'pylint' not installed.
> /usr/local/bin/python3 ~/.vscode/extensions/ms-python.python-2020.9.112786/pythonFiles/pyvsc-run-isolated.py pylint --disable=all --enable=F,unreachable,duplicate-key,unnecessary-semicolon,global-variable-not-assigned,unused-variable,unused-wildcard-import,binary-op-exception,bad-format-string,anomalous-backslash-in-string,bad-open-mode,E0001,E0011,E0012,E0100,E0101,E0102,E0103,E0104,E0105,E0107,E0108,E0110,E0111,E0112,E0113,E0114,E0115,E0116,E0117,E0118,E0202,E0203,E0211,E0213,E0236,E0237,E0238,E0239,E0240,E0241,E0301,E0302,E0303,E0401,E0402,E0601,E0602,E0603,E0604,E0611,E0632,E0633,E0701,E0702,E0703,E0704,E0710,E0711,E0712,E1003,E1101,E1102,E1111,E1120,E1121,E1123,E1124,E1125,E1126,E1127,E1128,E1129,E1130,E1131,E1132,E1133,E1134,E1135,E1136,E1137,E1138,E1139,E1200,E1201,E1205,E1206,E1300,E1301,E1302,E1303,E1304,E1305,E1306,E1310,E1700,E1701 --msg-template='{line},{column},{category},{symbol}:{msg}' --reports=n --output-format=text /home/rave/Desktop/workspace/Programming/apcsppassproj/views.py
cwd: /home/rave/Desktop/workspace/Programming/apcsppassproj
> /usr/local/bin/python3 ~/.vscode/extensions/ms-python.python-2020.9.112786/pythonFiles/pyvsc-run-isolated.py pylint --disable=all --enable=F,unreachable,duplicate-key,unnecessary-semicolon,global-variable-not-assigned,unused-variable,unused-wildcard-import,binary-op-exception,bad-format-string,anomalous-backslash-in-string,bad-open-mode,E0001,E0011,E0012,E0100,E0101,E0102,E0103,E0104,E0105,E0107,E0108,E0110,E0111,E0112,E0113,E0114,E0115,E0116,E0117,E0118,E0202,E0203,E0211,E0213,E0236,E0237,E0238,E0239,E0240,E0241,E0301,E0302,E0303,E0401,E0402,E0601,E0602,E0603,E0604,E0611,E0632,E0633,E0701,E0702,E0703,E0704,E0710,E0711,E0712,E1003,E1101,E1102,E1111,E1120,E1121,E1123,E1124,E1125,E1126,E1127,E1128,E1129,E1130,E1131,E1132,E1133,E1134,E1135,E1136,E1137,E1138,E1139,E1200,E1201,E1205,E1206,E1300,E1301,E1302,E1303,E1304,E1305,E1306,E1310,E1700,E1701 --msg-template='{line},{column},{category},{symbol}:{msg}' --reports=n --output-format=text /home/rave/Desktop/workspace/Programming/apcsppassproj/views.py
cwd: /home/rave/Desktop/workspace/Programming/apcsppassproj
> /usr/local/bin/python3 ~/.vscode/extensions/ms-python.python-2020.9.112786/pythonFiles/pyvsc-run-isolated.py -c "import pylint"
> /usr/local/bin/python3 ~/.vscode/extensions/ms-python.python-2020.9.112786/pythonFiles/pyvsc-run-isolated.py -c "import pylint"
> /usr/local/bin/python3 ~/.vscode/extensions/ms-python.python-2020.9.112786/pythonFiles/pyvsc-run-isolated.py -c "import pylint"
> /usr/local/bin/python3 ~/.vscode/extensions/ms-python.python-2020.9.112786/pythonFiles/pyvsc-run-isolated.py -c "import pylint"

Linter 'pylint' is not installed. Please install it or select another linter".
Error: Module 'pylint' not installed.
